<?xml version="1.0" encoding="UTF-8"?>
<testsuite xmlns:xsi="http://www.w3.org/2001/XMLSchema-instance" xsi:noNamespaceSchemaLocation="https://maven.apache.org/surefire/maven-surefire-plugin/xsd/surefire-test-report.xsd" name="br.com.give_me_pizza.PizzaTest" time="0.016" tests="2" errors="0" skipped="0" failures="0">
  <properties>
    <property name="java.specification.version" value="16"/>
    <property name="sun.cpu.isalist" value="amd64"/>
    <property name="sun.jnu.encoding" value="Cp1252"/>
    <property name="java.class.path" value="C:\Users\Cliente\eclipse-workspace\give-me-pizza\target\test-classes;C:\Users\Cliente\eclipse-workspace\give-me-pizza\target\classes;C:\Users\Cliente\.m2\repository\org\junit\jupiter\junit-jupiter-engine\5.8.1\junit-jupiter-engine-5.8.1.jar;C:\Users\Cliente\.m2\repository\org\junit\platform\junit-platform-engine\1.8.1\junit-platform-engine-1.8.1.jar;C:\Users\Cliente\.m2\repository\org\apiguardian\apiguardian-api\1.1.2\apiguardian-api-1.1.2.jar;C:\Users\Cliente\.m2\repository\org\junit\jupiter\junit-jupiter-api\5.8.1\junit-jupiter-api-5.8.1.jar;C:\Users\Cliente\.m2\repository\org\opentest4j\opentest4j\1.2.0\opentest4j-1.2.0.jar;C:\Users\Cliente\.m2\repository\org\junit\platform\junit-platform-commons\1.8.1\junit-platform-commons-1.8.1.jar;C:\Users\Cliente\.m2\repository\org\junit\jupiter\junit-jupiter-params\5.8.1\junit-jupiter-params-5.8.1.jar;C:\Users\Cliente\.m2\repository\org\junit\platform\junit-platform-suite\1.8.1\junit-platform-suite-1.8.1.jar;C:\Users\Cliente\.m2\repository\org\junit\platform\junit-platform-suite-api\1.8.1\junit-platform-suite-api-1.8.1.jar;C:\Users\Cliente\.m2\repository\org\junit\platform\junit-platform-suite-engine\1.8.1\junit-platform-suite-engine-1.8.1.jar;C:\Users\Cliente\.m2\repository\org\junit\platform\junit-platform-suite-commons\1.8.1\junit-platform-suite-commons-1.8.1.jar;C:\Users\Cliente\.m2\repository\org\junit\platform\junit-platform-launcher\1.8.1\junit-platform-launcher-1.8.1.jar;C:\Users\Cliente\.m2\repository\org\mockito\mockito-junit-jupiter\4.0.0\mockito-junit-jupiter-4.0.0.jar;C:\Users\Cliente\.m2\repository\org\mockito\mockito-core\3.12.4\mockito-core-3.12.4.jar;C:\Users\Cliente\.m2\repository\net\bytebuddy\byte-buddy\1.11.13\byte-buddy-1.11.13.jar;C:\Users\Cliente\.m2\repository\net\bytebuddy\byte-buddy-agent\1.11.13\byte-buddy-agent-1.11.13.jar;C:\Users\Cliente\.m2\repository\org\objenesis\objenesis\3.2\objenesis-3.2.jar;C:\Users\Cliente\.m2\repository\org\json\json\20190722\json-20190722.jar;"/>
    <property name="java.vm.vendor" value="Oracle Corporation"/>
    <property name="sun.arch.data.model" value="64"/>
    <property name="user.variant" value=""/>
    <property name="java.vendor.url" value="https://java.oracle.com/"/>
    <property name="user.timezone" value="America/Sao_Paulo"/>
    <property name="os.name" value="Windows 10"/>
    <property name="java.vm.specification.version" value="16"/>
    <property name="sun.java.launcher" value="SUN_STANDARD"/>
    <property name="user.country" value="BR"/>
    <property name="sun.boot.library.path" value="C:\eclipse\plugins\org.eclipse.justj.openjdk.hotspot.jre.full.win32.x86_64_16.0.1.v20210528-1205\jre\bin"/>
    <property name="sun.java.command" value="C:\Users\Cliente\AppData\Local\Temp\surefire7376631996460302319\surefirebooter11969069537433492653.jar C:\Users\Cliente\AppData\Local\Temp\surefire7376631996460302319 2022-01-08T23-52-35_159-jvmRun1 surefire15740319966989880568tmp surefire_04080339523976680164tmp"/>
    <property name="jdk.debug" value="release"/>
    <property name="surefire.test.class.path" value="C:\Users\Cliente\eclipse-workspace\give-me-pizza\target\test-classes;C:\Users\Cliente\eclipse-workspace\give-me-pizza\target\classes;C:\Users\Cliente\.m2\repository\org\junit\jupiter\junit-jupiter-engine\5.8.1\junit-jupiter-engine-5.8.1.jar;C:\Users\Cliente\.m2\repository\org\junit\platform\junit-platform-engine\1.8.1\junit-platform-engine-1.8.1.jar;C:\Users\Cliente\.m2\repository\org\apiguardian\apiguardian-api\1.1.2\apiguardian-api-1.1.2.jar;C:\Users\Cliente\.m2\repository\org\junit\jupiter\junit-jupiter-api\5.8.1\junit-jupiter-api-5.8.1.jar;C:\Users\Cliente\.m2\repository\org\opentest4j\opentest4j\1.2.0\opentest4j-1.2.0.jar;C:\Users\Cliente\.m2\repository\org\junit\platform\junit-platform-commons\1.8.1\junit-platform-commons-1.8.1.jar;C:\Users\Cliente\.m2\repository\org\junit\jupiter\junit-jupiter-params\5.8.1\junit-jupiter-params-5.8.1.jar;C:\Users\Cliente\.m2\repository\org\junit\platform\junit-platform-suite\1.8.1\junit-platform-suite-1.8.1.jar;C:\Users\Cliente\.m2\repository\org\junit\platform\junit-platform-suite-api\1.8.1\junit-platform-suite-api-1.8.1.jar;C:\Users\Cliente\.m2\repository\org\junit\platform\junit-platform-suite-engine\1.8.1\junit-platform-suite-engine-1.8.1.jar;C:\Users\Cliente\.m2\repository\org\junit\platform\junit-platform-suite-commons\1.8.1\junit-platform-suite-commons-1.8.1.jar;C:\Users\Cliente\.m2\repository\org\junit\platform\junit-platform-launcher\1.8.1\junit-platform-launcher-1.8.1.jar;C:\Users\Cliente\.m2\repository\org\mockito\mockito-junit-jupiter\4.0.0\mockito-junit-jupiter-4.0.0.jar;C:\Users\Cliente\.m2\repository\org\mockito\mockito-core\3.12.4\mockito-core-3.12.4.jar;C:\Users\Cliente\.m2\repository\net\bytebuddy\byte-buddy\1.11.13\byte-buddy-1.11.13.jar;C:\Users\Cliente\.m2\repository\net\bytebuddy\byte-buddy-agent\1.11.13\byte-buddy-agent-1.11.13.jar;C:\Users\Cliente\.m2\repository\org\objenesis\objenesis\3.2\objenesis-3.2.jar;C:\Users\Cliente\.m2\repository\org\json\json\20190722\json-20190722.jar;"/>
    <property name="sun.cpu.endian" value="little"/>
    <property name="user.home" value="C:\Users\Cliente"/>
    <property name="user.language" value="pt"/>
    <property name="java.specification.vendor" value="Oracle Corporation"/>
    <property name="java.version.date" value="2021-04-20"/>
    <property name="java.home" value="C:\eclipse\plugins\org.eclipse.justj.openjdk.hotspot.jre.full.win32.x86_64_16.0.1.v20210528-1205\jre"/>
    <property name="file.separator" value="\"/>
    <property name="basedir" value="C:\Users\Cliente\eclipse-workspace\give-me-pizza"/>
    <property name="java.vm.compressedOopsMode" value="32-bit"/>
    <property name="line.separator" value="&#10;"/>
    <property name="java.vm.specification.vendor" value="Oracle Corporation"/>
    <property name="java.specification.name" value="Java Platform API Specification"/>
    <property name="surefire.real.class.path" value="C:\Users\Cliente\AppData\Local\Temp\surefire7376631996460302319\surefirebooter11969069537433492653.jar"/>
    <property name="user.script" value=""/>
    <property name="sun.management.compiler" value="HotSpot 64-Bit Tiered Compilers"/>
    <property name="java.runtime.version" value="16.0.1+9-24"/>
    <property name="user.name" value="Amanda Santos"/>
    <property name="path.separator" value=";"/>
    <property name="os.version" value="10.0"/>
    <property name="java.runtime.name" value="OpenJDK Runtime Environment"/>
    <property name="file.encoding" value="Cp1252"/>
    <property name="java.vm.name" value="OpenJDK 64-Bit Server VM"/>
    <property name="localRepository" value="C:\Users\Cliente\.m2\repository"/>
    <property name="java.vendor.url.bug" value="https://bugreport.java.com/bugreport/"/>
    <property name="java.io.tmpdir" value="C:\Users\Cliente\AppData\Local\Temp\"/>
    <property name="java.version" value="16.0.1"/>
    <property name="user.dir" value="C:\Users\Cliente\eclipse-workspace\give-me-pizza"/>
    <property name="os.arch" value="amd64"/>
    <property name="java.vm.specification.name" value="Java Virtual Machine Specification"/>
    <property name="sun.os.patch.level" value=""/>
    <property name="java.library.path" value="C:\eclipse\plugins\org.eclipse.justj.openjdk.hotspot.jre.full.win32.x86_64_16.0.1.v20210528-1205\jre\bin;C:\Windows\Sun\Java\bin;C:\Windows\system32;C:\Windows;C:/Users/Cliente/.p2/pool/plugins/org.eclipse.justj.openjdk.hotspot.jre.full.win32.x86_64_17.0.1.v20211116-1657/jre/bin/server;C:/Users/Cliente/.p2/pool/plugins/org.eclipse.justj.openjdk.hotspot.jre.full.win32.x86_64_17.0.1.v20211116-1657/jre/bin;C:\Program Files (x86)\NVIDIA Corporation\PhysX\Common;C:\Program Files (x86)\Intel\iCLS Client\;C:\Program Files\Intel\iCLS Client\;C:\Program Files (x86)\Common Files\Oracle\Java\javapath;C:\Windows\system32;C:\Windows;C:\Windows\System32\Wbem;C:\Windows\System32\WindowsPowerShell\v1.0\;C:\Windows\System32\OpenSSH\;C:\Program Files (x86)\Intel\Intel(R) Management Engine Components\DAL;C:\Program Files\Intel\Intel(R) Management Engine Components\DAL;C:\Program Files (x86)\Intel\Intel(R) Management Engine Components\IPT;C:\Program Files\Intel\Intel(R) Management Engine Components\IPT;C:\ProgramData\chocolatey\bin;C:\Program Files\MongoDB\Server\4.4\bin;C:\Program Files\MySQL\MySQL Server 8.0\bin;C:\Program Files (x86)\Yarn\bin\;C:\Program Files\nodejs\;C:\Program Files\Git\cmd;C:\Program Files\Docker\Docker\resources\bin;C:\ProgramData\DockerDesktop\version-bin;C:\Users\Cliente\AppData\Local\Microsoft\WindowsApps;C:\Users\Cliente\AppData\Local\Programs\Microsoft VS Code\bin;C:\Users\Cliente\AppData\Local\GitHubDesktop\bin;C:\Program Files\heroku\bin;C:\Users\Cliente\AppData\Local\Yarn\bin;C:\Users\Cliente\AppData\Roaming\npm;C:\Users\Cliente\AppData\Local\gitkraken\bin;C:\Users\Cliente\AppData\Local\Hyper\app-3.0.2\resources\bin;C:\Users\Cliente\AppData\Local\Programs\Hyper\resources\bin;C:\Users\Cliente\eclipse\java-2021-09\eclipse;;."/>
    <property name="java.vm.info" value="mixed mode"/>
    <property name="java.vendor" value="Oracle Corporation"/>
    <property name="java.vm.version" value="16.0.1+9-24"/>
    <property name="sun.io.unicode.encoding" value="UnicodeLittle"/>
    <property name="java.class.version" value="60.0"/>
  </properties>
  <testcase name="testPizzaToString" classname="br.com.give_me_pizza.PizzaTest" time="0.011"/>
  <testcase name="testVerifyPizza" classname="br.com.give_me_pizza.PizzaTest" time="0.004"/>
</testsuite>